c:\users\12202\desktop\123\geokurumi\x64\release\vc143.pdb
c:\users\12202\desktop\123\geokurumi\x64\release\shader.obj
c:\users\12202\desktop\123\geokurumi\x64\release\main.obj
c:\users\12202\desktop\123\geokurumi\x64\release\imgui_widgets.obj
c:\users\12202\desktop\123\geokurumi\x64\release\imgui_tables.obj
c:\users\12202\desktop\123\geokurumi\x64\release\imgui_impl_opengl3.obj
c:\users\12202\desktop\123\geokurumi\x64\release\imgui_impl_glfw.obj
c:\users\12202\desktop\123\geokurumi\x64\release\imgui_draw.obj
c:\users\12202\desktop\123\geokurumi\x64\release\imgui.obj
c:\users\12202\desktop\123\geokurumi\x64\release\camera.obj
c:\users\12202\desktop\123\geokurumi\x64\release\glad.obj
c:\users\12202\desktop\123\x64\release\geokurumi.exe
c:\users\12202\desktop\123\geokurumi\x64\release\geokurumi.ipdb
c:\users\12202\desktop\123\x64\release\geokurumi.pdb
c:\users\12202\desktop\123\geokurumi\x64\release\geokurumi.iobj
c:\users\12202\desktop\123\geokurumi\x64\release\kurumi_icon.res
c:\users\12202\desktop\123\geokurumi\x64\release\geokurumi.tlog\cl.command.1.tlog
c:\users\12202\desktop\123\geokurumi\x64\release\geokurumi.tlog\cl.items.tlog
c:\users\12202\desktop\123\geokurumi\x64\release\geokurumi.tlog\cl.read.1.tlog
c:\users\12202\desktop\123\geokurumi\x64\release\geokurumi.tlog\cl.write.1.tlog
c:\users\12202\desktop\123\geokurumi\x64\release\geokurumi.tlog\link.command.1.tlog
c:\users\12202\desktop\123\geokurumi\x64\release\geokurumi.tlog\link.read.1.tlog
c:\users\12202\desktop\123\geokurumi\x64\release\geokurumi.tlog\link.write.1.tlog
c:\users\12202\desktop\123\geokurumi\x64\release\geokurumi.tlog\rc.command.1.tlog
c:\users\12202\desktop\123\geokurumi\x64\release\geokurumi.tlog\rc.read.1.tlog
c:\users\12202\desktop\123\geokurumi\x64\release\geokurumi.tlog\rc.write.1.tlog
